{"D:/07_Programming projects storage/Rolling_Scopes _School/Tasks/GraphiQl/graphiql-app/src/App.tsx": {"path":"D:/07_Programming projects storage/Rolling_Scopes _School/Tasks/GraphiQl/graphiql-app/src/App.tsx","statementMap":{"0":{"start":{"line":2,"column":2},"end":{"line":6,"column":null}}},"fnMap":{"0":{"name":"App","decl":{"start":{"line":1,"column":9},"end":{"line":1,"column":15}},"loc":{"start":{"line":1,"column":15},"end":{"line":8,"column":null}}}},"branchMap":{},"s":{"0":1},"f":{"0":1},"b":{}}
,"D:/07_Programming projects storage/Rolling_Scopes _School/Tasks/GraphiQl/graphiql-app/src/main.tsx": {"path":"D:/07_Programming projects storage/Rolling_Scopes _School/Tasks/GraphiQl/graphiql-app/src/main.tsx","statementMap":{"0":{"start":{"line":8,"column":0},"end":{"line":12,"column":null}}},"fnMap":{},"branchMap":{},"s":{"0":0},"f":{},"b":{}}
}
